GET /
GET /images/blog1.jpg
GET /images/blog3.jpg
GET /images/blog2.jpg
GET /images/team1.jpg
GET /images/team2.jpg
GET /images/team3.jpg
GET /images/team4.jpg
GET /images/g1.jpg
GET /images/g3.jpg
GET /images/g2.jpg
GET /images/g4.jpg
GET /images/blog1.jpg
GET /images/blog3.jpg
GET /favicon.ico
GET /
GET /images/blog1.jpg
GET /images/blog3.jpg
GET /images/blog2.jpg
GET /images/team1.jpg
GET /images/team2.jpg
GET /images/team3.jpg
GET /images/team4.jpg
GET /images/g1.jpg
GET /images/g3.jpg
GET /images/blog3.jpg
GET /images/g2.jpg
GET /images/g4.jpg
GET /images/blog1.jpg
GET /favicon.ico
GET /
GET /images/blog1.jpg
GET /images/blog3.jpg
GET /images/blog2.jpg
GET /images/team1.jpg
GET /images/team2.jpg
GET /images/team4.jpg
GET /images/team3.jpg
GET /images/g2.jpg
GET /images/g4.jpg
GET /images/g3.jpg
GET /images/blog1.jpg
GET /images/g1.jpg
GET /images/blog3.jpg
GET /favicon.ico
GET /
GET /favicon.ico
GET /
GET /favicon.ico
GET /favicon.ico
GET /favicon.ico
GET /favicon.ico
GET /
GET /favicon.ico
GET /
GET /favicon.ico
GET /
GET /favicon.ico
GET /
GET /favicon.ico
GET /
GET /favicon.ico
GET /favicon.ico
GET /
GET /favicon.ico
GET /
GET /1.jpg
GET /favicon.ico
GET /
GET /1.jpg
GET /favicon.ico
GET /
GET /favicon.ico
GET /
GET /favicon.ico
GET /
GET /favicon.ico
GET /
GET /favicon.ico
GET /
GET /favicon.ico
GET /
GET /favicon.ico
GET /
GET /favicon.ico
GET /
GET /favicon.ico
GET /
GET /favicon.ico
GET /
GET /favicon.ico
GET /
GET /alt=%22%22
GET /favicon.ico
GET /
GET /alt=%22%22
GET /favicon.ico
GET /
GET /alt=%22%22
GET /favicon.ico
GET /
GET /alt=%22%22
GET /favicon.ico
GET /
GET /favicon.ico
GET /
GET /favicon.ico
GET /
GET /favicon.ico
GET /
GET /favicon.ico
GET /
GET /favicon.ico
GET /
GET /favicon.ico
GET /
GET /favicon.ico
GET /
GET /favicon.ico
GET /
GET /favicon.ico
GET /
GET /favicon.ico
GET /
GET /favicon.ico
GET /
GET /favicon.ico
GET /
GET /favicon.ico
GET /
GET /
GET /favicon.ico
GET /
GET /favicon.ico
GET /
GET /favicon.ico
GET /
GET /favicon.ico
GET /
GET /favicon.ico
GET /
GET /favicon.ico
GET /
GET /favicon.ico
GET /
GET /favicon.ico
GET /
GET /favicon.ico
GET /
GET /favicon.ico
GET /
GET /favicon.ico
GET /
GET /favicon.ico
GET /
GET /favicon.ico
GET /
GET /favicon.ico
GET /
GET /favicon.ico
GET /
GET /favicon.ico
GET /
GET /favicon.ico
GET /
GET /favicon.ico
GET /
GET /favicon.ico
GET /
GET /favicon.ico
GET /favicon.ico
GET /favicon.ico
GET /favicon.ico
GET /favicon.ico
GET /favicon.ico
GET /favicon.ico
GET /favicon.ico
GET /favicon.ico
GET /favicon.ico
GET /
GET /favicon.ico
GET /about.hbs
GET /favicon.ico
GET /about.hbs
GET /favicon.ico
GET /about.hbs
GET /favicon.ico
GET /about.hbs
GET /favicon.ico
GET /about
GET /favicon.ico
GET /about
GET /favicon.ico
GET /about
GET /favicon.ico
GET /
GET /about
GET /favicon.ico
GET /
GET /about
GET /favicon.ico
GET /about
GET /favicon.ico
GET /about
GET /favicon.ico
GET /about
GET /favicon.ico
GET /about
GET /favicon.ico
GET /about
GET /favicon.ico
GET /about
GET /favicon.ico
GET /about
GET /favicon.ico
GET /about
GET /favicon.ico
GET /about
GET /favicon.ico
GET /about
GET /favicon.ico
GET /about
GET /favicon.ico
GET /about
GET /favicon.ico
GET /about
GET /favicon.ico
GET /about
GET /favicon.ico
GET /about
GET /favicon.ico
GET /about
GET /favicon.ico
GET /about
GET /favicon.ico
GET /about
GET /favicon.ico
GET /about
GET /favicon.ico
GET /about
GET /favicon.ico
GET /about
GET /favicon.ico
GET /about
GET /favicon.ico
GET /about
GET /favicon.ico
GET /about
GET /favicon.ico
GET /about
GET /favicon.ico
GET /about
GET /favicon.ico
GET /about
GET /favicon.ico
GET /about
GET /favicon.ico
GET /about
GET /favicon.ico
GET /about
GET /favicon.ico
GET /about
GET /favicon.ico
GET /about
GET /about
GET /favicon.ico
GET /about
GET /favicon.ico
GET /about
GET /favicon.ico
GET /about
GET /favicon.ico
GET /about
GET /favicon.ico
GET /about
GET /favicon.ico
GET /about
GET /favicon.ico
GET /favicon.ico
GET /about
GET /favicon.ico
GET /docapoint
GET /favicon.ico
GET /docapoint
GET /favicon.ico
GET /
GET /favicon.ico
GET /about
GET /favicon.ico
GET /docapoint
GET /favicon.ico
GET /docapoint
GET /favicon.ico
GET /favicon.ico
GET /
GET /favicon.ico
GET /docapoint
GET /favicon.ico
GET /favicon.ico
GET /about
GET /favicon.ico
GET /docapoint
GET /favicon.ico
GET /favicon.ico
GET /docapoint
GET /favicon.ico
GET /docapoint
GET /favicon.ico
GET /
GET /favicon.ico
GET /docapoint
GET /favicon.ico
GET /favicon.ico
GET /about
GET /favicon.ico
GET /about
GET /favicon.ico
GET /
GET /favicon.ico
GET /doc
GET /favicon.ico
GET /favicon.ico
GET /about
GET /favicon.ico
GET /favicon.ico
GET /doc
GET /favicon.ico
GET /doc
GET /favicon.ico
GET /doc
GET /favicon.ico
GET /doc
GET /favicon.ico
GET /favicon.ico
GET /doc
GET /favicon.ico
GET /favicon.ico
GET /
GET /favicon.ico
GET /doc
GET /favicon.ico
GET /favicon.ico
GET /doc
GET /favicon.ico
GET /favicon.ico
GET /
GET /favicon.ico
GET /doc
GET /favicon.ico
GET /favicon.ico
GET /
GET /favicon.ico
GET /doc
GET /favicon.ico
GET /doc
GET /favicon.ico
GET /doc
GET /favicon.ico
GET /favicon.ico
GET /doc
GET /favicon.ico
GET /favicon.ico
GET /
GET /favicon.ico
GET /doc
GET /favicon.ico
GET /doc
GET /favicon.ico
GET /doc
GET /favicon.ico
GET /doc
GET /favicon.ico
GET /doc
GET /favicon.ico
GET /doc
GET /favicon.ico
GET /doc
GET /favicon.ico
GET /doc
GET /favicon.ico
GET /doc
GET /favicon.ico
GET /doc
GET /favicon.ico
GET /doc
GET /favicon.ico
GET /doc
GET /favicon.ico
GET /doc
GET /favicon.ico
GET /doc
GET /favicon.ico
GET /doc
GET /favicon.ico
GET /doc
GET /favicon.ico
GET /doc
GET /favicon.ico
GET /doc
GET /favicon.ico
GET /doc
GET /favicon.ico
GET /doc
GET /favicon.ico
GET /doc
GET /favicon.ico
GET /doc
GET /favicon.ico
GET /doc
GET /favicon.ico
GET /doc
GET /favicon.ico
GET /doc
GET /favicon.ico
GET /doc
GET /favicon.ico
GET /doc
GET /favicon.ico
GET /doc
GET /favicon.ico
GET /doc
GET /favicon.ico
GET /doc
GET /favicon.ico
GET /doc
GET /favicon.ico
GET /favicon.ico
GET /doc
GET /favicon.ico
GET /doc
GET /favicon.ico
GET /doc
GET /favicon.ico
GET /doc
GET /favicon.ico
GET /doc
GET /favicon.ico
GET /doc
GET /favicon.ico
GET /doc
GET /favicon.ico
GET /doc
GET /favicon.ico
GET /favicon.ico
GET /favicon.ico
GET /doc
GET /favicon.ico
GET /
GET /about
GET /favicon.ico
GET /doc
GET /favicon.ico
GET /cancel
GET /favicon.ico
GET /cancel
GET /favicon.ico
GET /
GET /about
GET /favicon.ico
GET /doc
GET /favicon.ico
GET /
GET /about
GET /favicon.ico
GET /doc
GET /favicon.ico
GET /cancel
GET /favicon.ico
GET /cancel
GET /favicon.ico
GET /
GET /favicon.ico
GET /
GET /favicon.ico
GET /updation
GET /favicon.ico
GET /updation
GET /favicon.ico
GET /updation
GET /favicon.ico
GET /updation
GET /favicon.ico
GET /updation
GET /favicon.ico
GET /updation
GET /favicon.ico
GET /updation
GET /favicon.ico
GET /updation
GET /favicon.ico
GET /
GET /about
GET /favicon.ico
GET /doc
GET /cancel
GET /favicon.ico
GET /updation
GET /favicon.ico
GET /updation
GET /favicon.ico
GET /
GET /favicon.ico
GET /about
GET /favicon.ico
GET /doc
GET /favicon.ico
GET /cancel
GET /favicon.ico
GET /update
GET /favicon.ico
GET /
GET /favicon.ico
GET /
GET /favicon.ico
GET /
GET /favicon.ico
GET /about
GET /favicon.ico
GET /about
GET /favicon.ico
GET /about
GET /favicon.ico
GET /about
GET /favicon.ico
GET /about
GET /favicon.ico
GET /about
GET /favicon.ico
GET /about
GET /favicon.ico
GET /about
GET /favicon.ico
GET /about
GET /favicon.ico
GET /about
GET /favicon.ico
GET /about
GET /favicon.ico
GET /about
GET /favicon.ico
GET /about
GET /favicon.ico
GET /about
GET /favicon.ico
GET /about
GET /favicon.ico
GET /about
GET /favicon.ico
GET /about
GET /favicon.ico
GET /about
GET /favicon.ico
GET /
GET /favicon.ico
GET /doc
GET /favicon.ico
GET /doc
GET /favicon.ico
GET /doc
GET /favicon.ico
GET /
GET /favicon.ico
GET /about
GET /favicon.ico
GET /
GET /favicon.ico
GET /about
GET /favicon.ico
GET /
GET /favicon.ico
GET /about
GET /favicon.ico
GET /
GET /favicon.ico
GET /about
GET /favicon.ico
GET /
GET /favicon.ico
GET /update
GET /favicon.ico
GET /favicon.ico
GET /about
GET /favicon.ico
GET /doc
GET /favicon.ico
GET /doc
GET /favicon.ico
GET /doc
GET /favicon.ico
GET /
GET /favicon.ico
GET /about
GET /favicon.ico
GET /
GET /favicon.ico
GET /about
GET /favicon.ico
GET /
GET /favicon.ico
GET /about
GET /favicon.ico
GET /update
GET /favicon.ico
GET /favicon.ico
GET /cancel
GET /favicon.ico
GET /
GET /favicon.ico
GET /update
GET /favicon.ico
GET /favicon.ico
GET /cancel
GET /favicon.ico
GET /
GET /favicon.ico
GET /cancel
GET /favicon.ico
GET /
GET /favicon.ico
GET /cancel
GET /favicon.ico
GET /cancel
GET /favicon.ico
GET /
GET /update
GET /favicon.ico
GET /update
GET /favicon.ico
GET /update
GET /favicon.ico
GET /update
GET /favicon.ico
GET /update
GET /favicon.ico
GET /update
GET /favicon.ico
GET /update
GET /favicon.ico
GET /update
GET /favicon.ico
GET /update
GET /favicon.ico
GET /update
GET /favicon.ico
GET /update
GET /favicon.ico
GET /update
GET /favicon.ico
GET /update
GET /favicon.ico
GET /update
GET /favicon.ico
GET /update
GET /favicon.ico
GET /
GET /favicon.ico
GET /update
GET /favicon.ico
GET /
GET /
GET /favicon.ico
GET /
GET /favicon.ico
GET /doc
GET /favicon.ico
GET /about
GET /favicon.ico
GET /cancel
GET /favicon.ico
